### ISSUE TITLE
Unmatched size of dynamic table entry tags of C API

### ISSUE THREAD

**Issue by liyansong2018** [lief-project/LIEF#843]
**Description**
When I tested elf_reader, I found a strange problem: when LEIF analyzes elf dynamic entry, it always tries to read the data at memory address 0x20. I spent some time studying this problem.

**To Reproduce**

construct ELF file with entry tag larger than 32bit (e.g. 0xf0ff0000001a), as shown below.
[poc.zip](https://github.com/lief-project/LIEF/files/10216041/poc.zip)

```shell
┌──(lys㉿kali)-[~/LIEF/build]
└─$ readelf -d ~/id00    
readelf: Warning: Section 11 has an out of range sh_link value of 66
readelf: Warning: Section 27 has an out of range sh_link value of 48
readelf: Error: Reading 12884901905 bytes extends past end of file for string table
readelf: Error: no .dynamic section in the dynamic segment

Dynamic section at offset 0x2df8 contains 26 entries:
  Tag        Type                         Name/Value
 0x0000000000000001 (NEEDED)             Shared library: [libc.so.6]
 0x000000000000000c (INIT)               0x1000
 0x000000000000000d (FINI)               0x1158
 0x0000000000000019 (INIT_ARRAY)         0x3de8
 0x000000000000001b (INIT_ARRAYSZ)       8 (bytes)
 0x0000f0ff0000001a (<unknown>: f0ff0000001a)    0x3df0
 0x000000000000001c (FINI_ARRAYSZ)       8 (bytes)
 0x000000006ffffe13 (<unknown>: 6ffffe13) 0x3a0
 0x0000000000000005 (STRTAB)             0x470
 0x0000000000000006 (SYMTAB)             0x3c8
 0x000000000000000a (STRSZ)              141 (bytes)
 0x000000000000000b (SYMENT)             24 (bytes)
 0x0000000000000015 (DEBUG)              0x0
 0x0000000000000003 (PLTGOT)             0x4000
 0x0000000000000002 (PLTRELSZ)           24 (bytes)
 0x0000000000000014 (PLTREL)             RELA
 0x0000000000000017 (JMPREL)             0x600
 0x0000000000000007 (RELA)               0x540
 0x0000000000000008 (RELASZ)             192 (bytes)
 0x0000000000000009 (RELAENT)            24 (bytes)
 0x000000006ffffffb (FLAGS_1)            Flags: PIE
 0x000000006ffffffe (VERNEED)            0x510
 0x000000006fffffff (VERNEEDNUM)         1
 0x000000006ffffff0 (VERSYM)             0x4fe
 0x000000006ffffff9 (RELACOUNT)          3
 0x0000000000000000 (NULL)               0x0
readelf: Error: Reading 12884901905 bytes extends past end of file for string table
readelf: Error: Reading 12884901905 bytes extends past end of file for string table
readelf: Error: Reading 12884901905 bytes extends past end of file for string table
readelf: Error: Reading 12884901905 bytes extends past end of file for string table
```
run `elf_reader`
```shell
┌──(lys㉿kali)-[~/LIEF/build/examples/c]
└─$ ./elf_reader ~/id00
zsh: segmentation fault  ./elf_reader ~/id00
```
**Environment (please complete the following information):**
 - System and Version : Kali 2020.4
 - Target format ELF
 - LIEF commit version: latest

**Additional context**
```shell
Program received signal SIGSEGV, Segmentation fault.
0x00005555555a4fd3 in main (argc=0x2, argv=0x7fffffffe0d8) at /home/lys/Tools/LIEF/examples/c/elf_reader.c:291                                                                                                
warning: Source file is more recent than executable.
291               for (j = 0; array[j] != 0; ++j) {
[ Legend: Modified register | Code | Heap | Stack | String ]
──────────────────────────────────────────────────────────────────────────────────────── registers ────
$rax   : 0x20              
$rbx   : 0x3df0            
$rcx   : 0x0               
$rdx   : 0x0               
$rsp   : 0x00007fffffffde40  →  0x0000000000000001
$rbp   : 0x00007fffffffdfc0  →  0x0000000000000002
$rsi   : 0x0000555555ade2c6  →  0x6425002073250020
$rdi   : 0x00007fffffffd8e0  →  0x00007ffff7aed6a0  →  <funlockfile+0> mov rdi, QWORD PTR [rdi+0x88]
$rip   : 0x00005555555a4fd3  →  <main+3710> mov rax, QWORD PTR [rax]
$r8    : 0x6               
$r9    : 0x3df0            
$r10   : 0x0               
$r11   : 0x10              
$r12   : 0x0000555555e7e198  →  "libc.so.6"
$r13   : 0x218             
$r14   : 0x1               
$r15   : 0x3de8            
$eflags: [zero carry parity adjust sign trap INTERRUPT direction overflow RESUME virtualx86 identification]
$cs: 0x0033 $ss: 0x002b $ds: 0x0000 $es: 0x0000 $fs: 0x0000 $gs: 0x0000 
──────────────────────────────────────────────────────────────────────────────────────────── stack ────
0x00007fffffffde40│+0x0000: 0x0000000000000001   ← $rsp
0x00007fffffffde48│+0x0008: 0x0000000000000218
0x00007fffffffde50│+0x0010: 0x00007fffffffe0d8  →  0x00007fffffffe3e8  →  "/home/lys/Tools/LIEF/build/examples/c/elf_reader"
0x00007fffffffde58│+0x0018: 0x0000000200000000
0x00007fffffffde60│+0x0020: 0x00010102464c457f
0x00007fffffffde68│+0x0028: 0x0000000000000000
0x00007fffffffde70│+0x0030: 0x0000003e00000003
0x00007fffffffde78│+0x0038: 0x0000000000000001
────────────────────────────────────────────────────────────────────────────────────── code:x86:64 ────
   0x5555555a4fc1 <main+3692>      lea    rdx, [rax*8+0x0]
   0x5555555a4fc9 <main+3700>      mov    rax, QWORD PTR [rbp-0xd0]
   0x5555555a4fd0 <main+3707>      add    rax, rdx
 → 0x5555555a4fd3 <main+3710>      mov    rax, QWORD PTR [rax]
   0x5555555a4fd6 <main+3713>      test   rax, rax
   0x5555555a4fd9 <main+3716>      jne    0x5555555a4f6c <main+3607>
   0x5555555a4fdb <main+3718>      mov    rax, QWORD PTR [rip+0x8a1abe]        # 0x555555e46aa0 <stdout@GLIBC_2.2.5>
   0x5555555a4fe2 <main+3725>      mov    rsi, rax
   0x5555555a4fe5 <main+3728>      mov    edi, 0xa
──────────────────────────────────────────────────────────────── source:/home/lys/Tools[...].c+291 ────
    286              "0x%010" PRIx64 " ",
    287              DYNAMIC_TAGS_to_string(e->tag),
    288              e->value
    289              );
    290            uint64_t* array = e->array;
                   // array=0x00007fffffffdef0  →  0x0000000000000020
 →  291            for (j = 0; array[j] != 0; ++j) {
    292              fprintf(stdout, "" "0x%06" PRIx64 " ", array[j]);
    293            }
    294  
    295            fprintf(stdout, "\n");
    296            break;
────────────────────────────────────────────────────────────────────────────────────────── threads ────
[#0] Id 1, Name: "elf_reader", stopped 0x5555555a4fd3 in main (), reason: SIGSEGV
──────────────────────────────────────────────────────────────────────────────────────────── trace ────
[#0] 0x5555555a4fd3 → main(argc=0x2, argv=0x7fffffffe0d8)
───────────────────────────────────────────────────────────────────────────────────────────────────────
gef➤  p array
$1 = (uint64_t *) 0x20
gef➤  p e->array
$2 = (uint64_t *) 0x20
gef➤  p e
$3 = (Elf_DynamicEntry_Array_t *) 0x555555e81470
gef➤  p e->tag
$4 = LIEF_ELF_DT_FINI_ARRAY
gef➤  xinfo 0x555555e81470
──────────────────────────────────────── xinfo: 0x555555e81470 ────────────────────────────────────────
Page: 0x0000555555e47000  →  0x0000555555e8e000 (size=0x47000)
Permissions: rw-
Pathname: [heap]
Offset (from page): 0x3a470
Inode: 0
gef➤  x/10gx 0x555555e81470
0x555555e81470: 0x000055500000001a      0x0000000000003df0
0x555555e81480: 0x0000000000000020      0x0000000000000021
0x555555e81490: 0x0000555555e23588      0x000000000000000d
0x555555e814a0: 0x0000000000001158      0x00000000000000c1
0x555555e814b0: 0x0000555555e31dd0      0x0000555555e814c8
```
**Describe the bug**
LIEF allocate memory with appropriate size to Dynamic Array. Howerver, Dynamic Array Tags (d_tag) is always 32bit in C api. If we analyze class64 ELF, elf-reader will read out-of-bounds memory of the next chunk header of the specific heap (0x20).
